c:\denis\repos\torus3d\directxfold\release\directxfold.pch
c:\denis\repos\torus3d\directxfold\release\directxfold.pdb
c:\denis\repos\torus3d\directxfold\release\pch.obj
c:\denis\repos\torus3d\directxfold\release\texture.obj
c:\denis\repos\torus3d\directxfold\release\textdrawer.obj
c:\denis\repos\torus3d\directxfold\release\sphericalsphere.obj
c:\denis\repos\torus3d\directxfold\release\sphericalmeshloader.obj
c:\denis\repos\torus3d\directxfold\release\sphericalcamera.obj
c:\denis\repos\torus3d\directxfold\release\simpleinputhandler.obj
c:\denis\repos\torus3d\directxfold\release\sphericalmesh.obj
c:\denis\repos\torus3d\directxfold\release\sphericaloctahedron.obj
c:\denis\repos\torus3d\directxfold\release\sphericalcube.obj
c:\denis\repos\torus3d\directxfold\release\sphericalasteroid.obj
c:\denis\repos\torus3d\directxfold\release\mesh.obj
c:\denis\repos\torus3d\directxfold\release\hyperbolicmath.obj
c:\denis\repos\torus3d\directxfold\release\game.obj
c:\denis\repos\torus3d\directxfold\release\fpscounter.obj
c:\denis\repos\torus3d\directxfold\release\drawer2d.obj
c:\denis\repos\torus3d\directxfold\release\cameramesh.obj
c:\denis\repos\torus3d\directxfold\release\camera.obj
c:\denis\repos\torus3d\directxfold\release\sphericalmath.obj
c:\denis\repos\torus3d\directxfold\release\sphericalellipsoid.obj
c:\denis\repos\torus3d\directxfold\release\gamewindows.obj
c:\denis\repos\torus3d\directxfold\release\toricmesh.obj
c:\denis\repos\torus3d\directxfold\release\toriccube.obj
c:\denis\repos\torus3d\directxfold\inc\pixelshader.h
c:\denis\repos\torus3d\directxfold\bin\basicpixelshader.cso
c:\denis\repos\torus3d\directxfold\inc\vertexshader.h
c:\denis\repos\torus3d\directxfold\bin\basicvertexshader.cso
c:\denis\repos\torus3d\directxfold\inc\morphingvertexshader.h
c:\denis\repos\torus3d\directxfold\bin\morphingvertexshader.cso
c:\denis\repos\torus3d\directxfold\inc\ellexpvertexshader.h
c:\denis\repos\torus3d\directxfold\bin\vertexellipticalexpfogshader.cso
c:\denis\repos\torus3d\directxfold\inc\torexpvertexshader.h
c:\denis\repos\torus3d\directxfold\bin\vertextoricexpfogshader.cso
c:\denis\repos\torus3d\directxfold\inc\ellexp2vertexshader.h
c:\denis\repos\torus3d\directxfold\bin\vertexellipticalexpsqfogshader.cso
c:\denis\repos\torus3d\directxfold\inc\sphexpvertexshader.h
c:\denis\repos\torus3d\directxfold\bin\vertexsphericalexpfogshader.cso
c:\denis\repos\torus3d\directxfold\inc\sphexp2vertexshader.h
c:\denis\repos\torus3d\directxfold\bin\vertexsphericalexpsqfogshader.cso
c:\denis\repos\torus3d\directxfold\inc\sphlinvertexshader.h
c:\denis\repos\torus3d\directxfold\bin\vertexsphericallinearfogshader.cso
c:\denis\repos\torus3d\directxfold\inc\geometryshader.h
c:\denis\repos\torus3d\directxfold\bin\geometryshader.cso
c:\denis\repos\torus3d\directxfold\release\directxfold.tlog\cl.command.1.tlog
c:\denis\repos\torus3d\directxfold\release\directxfold.tlog\cl.read.1.tlog
c:\denis\repos\torus3d\directxfold\release\directxfold.tlog\cl.write.1.tlog
c:\denis\repos\torus3d\directxfold\release\directxfold.tlog\fxc.command.1.tlog
c:\denis\repos\torus3d\directxfold\release\directxfold.tlog\fxc.read.1.tlog
c:\denis\repos\torus3d\directxfold\release\directxfold.tlog\fxc.write.1.tlog
c:\denis\repos\torus3d\directxfold\release\directxfold.tlog\lib-link.read.1.tlog
c:\denis\repos\torus3d\directxfold\release\directxfold.tlog\lib-link.write.1.tlog
c:\denis\repos\torus3d\directxfold\release\directxfold.tlog\lib.command.1.tlog
